d:\repos\game\rogueriddle\rogueriddle\x64\debug\vc143.pdb
d:\repos\game\rogueriddle\rogueriddle\x64\debug\vc143.idb
d:\repos\game\rogueriddle\rogueriddle\x64\debug\main.obj
d:\repos\game\rogueriddle\rogueriddle\x64\debug\animationmanager.obj
d:\repos\game\rogueriddle\rogueriddle\x64\debug\animation.obj
d:\repos\game\rogueriddle\rogueriddle\x64\debug\player.obj
d:\repos\game\rogueriddle\rogueriddle\x64\debug\tinyxmlparser.obj
d:\repos\game\rogueriddle\rogueriddle\x64\debug\tinyxmlerror.obj
d:\repos\game\rogueriddle\rogueriddle\x64\debug\tinyxml.obj
d:\repos\game\rogueriddle\rogueriddle\x64\debug\tinystr.obj
d:\repos\game\rogueriddle\rogueriddle\x64\debug\level.obj
d:\repos\game\rogueriddle\rogueriddle\x64\debug\healthbar.obj
d:\repos\game\rogueriddle\rogueriddle\x64\debug\enemy.obj
d:\repos\game\rogueriddle\x64\debug\rogueriddle.exe
d:\repos\game\rogueriddle\rogueriddle\x64\debug\rogueriddle.ilk
d:\repos\game\rogueriddle\x64\debug\rogueriddle.pdb
d:\repos\game\rogueriddle\rogueriddle\x64\debug\entity.obj
d:\repos\game\rogueriddle\rogueriddle\x64\debug\runplayerstate.obj
d:\repos\game\rogueriddle\rogueriddle\x64\debug\stayplayerstate.obj
d:\repos\game\rogueriddle\rogueriddle\x64\debug\main.obj.enc
d:\repos\game\rogueriddle\rogueriddle\x64\debug\rogueriddle.tlog\cl.command.1.tlog
d:\repos\game\rogueriddle\rogueriddle\x64\debug\rogueriddle.tlog\cl.read.1.tlog
d:\repos\game\rogueriddle\rogueriddle\x64\debug\rogueriddle.tlog\cl.write.1.tlog
d:\repos\game\rogueriddle\rogueriddle\x64\debug\rogueriddle.tlog\link.command.1.tlog
d:\repos\game\rogueriddle\rogueriddle\x64\debug\rogueriddle.tlog\link.read.1.tlog
d:\repos\game\rogueriddle\rogueriddle\x64\debug\rogueriddle.tlog\link.write.1.tlog
